Build started 2013-05-07 14:22:55.
     1>Project "C:\Users\hun7er\Documents\GitHub\swift.engine\Swift.Engine\Swift.Engine\Swift.Engine.vcxproj" on node 2 (Build target(s)).
     1>ClCompile:
         C:\Program Files (x86)\Microsoft Visual Studio 11.0\VC\bin\x86_amd64\CL.exe /c /ZI /nologo /W1 /WX- /Od /Gm- /EHsc /MD /GS /fp:precise /Zc:wchar_t /Zc:forScope /Fo"x64\Debug\\" /Fd"x64\Debug\vc110.pdb" /Gd /TP /errorReport:prompt src\Camera.cpp src\Renderer.cpp src\Supervisor.cpp src\example.cpp
     1>cl : Command line warning D9038: /ZI is not supported on this platform; enabling /Zi instead
         Camera.cpp
         Renderer.cpp
         Supervisor.cpp
         example.cpp
         Generating Code...
       Link:
         C:\Program Files (x86)\Microsoft Visual Studio 11.0\VC\bin\x86_amd64\link.exe /ERRORREPORT:PROMPT /OUT:"C:\Users\hun7er\Documents\GitHub\swift.engine\Swift.Engine\x64\Debug\Swift.Engine.exe" /NOLOGO OpenGL32.lib glew32.lib user32.lib kernel32.lib GLFW.lib DevIL.lib kernel32.lib user32.lib gdi32.lib winspool.lib comdlg32.lib advapi32.lib shell32.lib ole32.lib oleaut32.lib uuid.lib odbc32.lib odbccp32.lib /MANIFEST /MANIFESTUAC:"level='asInvoker' uiAccess='false'" /manifest:embed /DEBUG /PDB:"C:\Users\hun7er\Documents\GitHub\swift.engine\Swift.Engine\x64\Debug\Swift.Engine.pdb" /TLBID:1 /DYNAMICBASE /NXCOMPAT /IMPLIB:"C:\Users\hun7er\Documents\GitHub\swift.engine\Swift.Engine\x64\Debug\Swift.Engine.lib" /MACHINE:X64 x64\Debug\Camera.obj
         x64\Debug\Cube.obj
         x64\Debug\example.obj
         x64\Debug\GlfwWindow.obj
         x64\Debug\Group.obj
         x64\Debug\Light.obj
         x64\Debug\Material.obj
         x64\Debug\MaterialManager.obj
         x64\Debug\Mesh.obj
         x64\Debug\Object.obj
         x64\Debug\ObjectManager.obj
         x64\Debug\ObjectPart.obj
         x64\Debug\Plane.obj
         x64\Debug\Renderer.obj
         x64\Debug\Sphere.obj
         x64\Debug\Supervisor.obj
         x64\Debug\Texture.obj
         x64\Debug\TextureManager.obj
         Swift.Engine.vcxproj -> C:\Users\hun7er\Documents\GitHub\swift.engine\Swift.Engine\x64\Debug\Swift.Engine.exe
     1>Done Building Project "C:\Users\hun7er\Documents\GitHub\swift.engine\Swift.Engine\Swift.Engine\Swift.Engine.vcxproj" (Build target(s)).

Build succeeded.

Time Elapsed 00:00:09.55
