C:\USERS\HUN7ER\DOCUMENTS\GITHUB\SWIFT.ENGINE\SWIFT.ENGINE\SWIFT.ENGINE\X64\DEBUG\SUPERVISOR.OBJ
C:\USERS\HUN7ER\DOCUMENTS\GITHUB\SWIFT.ENGINE\SWIFT.ENGINE\SWIFT.ENGINE\X64\DEBUG\RENDERER.OBJ
C:\USERS\HUN7ER\DOCUMENTS\GITHUB\SWIFT.ENGINE\SWIFT.ENGINE\SWIFT.ENGINE\X64\DEBUG\OBJECTMANAGER.OBJ
C:\USERS\HUN7ER\DOCUMENTS\GITHUB\SWIFT.ENGINE\SWIFT.ENGINE\SWIFT.ENGINE\X64\DEBUG\OBJECT.OBJ
C:\USERS\HUN7ER\DOCUMENTS\GITHUB\SWIFT.ENGINE\SWIFT.ENGINE\SWIFT.ENGINE\X64\DEBUG\MATERIALMANAGER.OBJ
C:\USERS\HUN7ER\DOCUMENTS\GITHUB\SWIFT.ENGINE\SWIFT.ENGINE\SWIFT.ENGINE\X64\DEBUG\MATERIAL.OBJ
C:\USERS\HUN7ER\DOCUMENTS\GITHUB\SWIFT.ENGINE\SWIFT.ENGINE\SWIFT.ENGINE\X64\DEBUG\GROUP.OBJ
C:\USERS\HUN7ER\DOCUMENTS\GITHUB\SWIFT.ENGINE\SWIFT.ENGINE\SWIFT.ENGINE\X64\DEBUG\CAMERA.OBJ
C:\USERS\HUN7ER\DOCUMENTS\GITHUB\SWIFT.ENGINE\SWIFT.ENGINE\SWIFT.ENGINE\X64\DEBUG\EXAMPLE.OBJ
C:\USERS\HUN7ER\DOCUMENTS\GITHUB\SWIFT.ENGINE\SWIFT.ENGINE\SWIFT.ENGINE\X64\DEBUG\SPHERE.OBJ
C:\USERS\HUN7ER\DOCUMENTS\GITHUB\SWIFT.ENGINE\SWIFT.ENGINE\SWIFT.ENGINE\X64\DEBUG\VC110.PDB
C:\USERS\HUN7ER\DOCUMENTS\GITHUB\SWIFT.ENGINE\SWIFT.ENGINE\X64\DEBUG\SWIFT.ENGINE.EXE
C:\Users\hun7er\Documents\GitHub\swift.engine\Swift.Engine\Swift.Engine\x64\Debug\Camera.obj
C:\Users\hun7er\Documents\GitHub\swift.engine\Swift.Engine\Swift.Engine\x64\Debug\example.obj
C:\Users\hun7er\Documents\GitHub\swift.engine\Swift.Engine\Swift.Engine\x64\Debug\Group.obj
C:\Users\hun7er\Documents\GitHub\swift.engine\Swift.Engine\Swift.Engine\x64\Debug\Material.obj
C:\Users\hun7er\Documents\GitHub\swift.engine\Swift.Engine\Swift.Engine\x64\Debug\MaterialManager.obj
C:\Users\hun7er\Documents\GitHub\swift.engine\Swift.Engine\Swift.Engine\x64\Debug\Object.obj
C:\Users\hun7er\Documents\GitHub\swift.engine\Swift.Engine\Swift.Engine\x64\Debug\ObjectManager.obj
C:\Users\hun7er\Documents\GitHub\swift.engine\Swift.Engine\Swift.Engine\x64\Debug\Renderer.obj
C:\Users\hun7er\Documents\GitHub\swift.engine\Swift.Engine\Swift.Engine\x64\Debug\Sphere.obj
C:\Users\hun7er\Documents\GitHub\swift.engine\Swift.Engine\Swift.Engine\x64\Debug\Supervisor.obj
C:\Users\hun7er\Documents\GitHub\swift.engine\Swift.Engine\Swift.Engine\x64\Debug\cl.command.1.tlog
C:\Users\hun7er\Documents\GitHub\swift.engine\Swift.Engine\Swift.Engine\x64\Debug\CL.read.1.tlog
C:\Users\hun7er\Documents\GitHub\swift.engine\Swift.Engine\Swift.Engine\x64\Debug\CL.write.1.tlog
C:\Users\hun7er\Documents\GitHub\swift.engine\Swift.Engine\Swift.Engine\x64\Debug\link-cvtres.read.1.tlog
C:\Users\hun7er\Documents\GitHub\swift.engine\Swift.Engine\Swift.Engine\x64\Debug\link-cvtres.write.1.tlog
C:\Users\hun7er\Documents\GitHub\swift.engine\Swift.Engine\Swift.Engine\x64\Debug\link-rc.read.1.tlog
C:\Users\hun7er\Documents\GitHub\swift.engine\Swift.Engine\Swift.Engine\x64\Debug\link-rc.write.1.tlog
C:\Users\hun7er\Documents\GitHub\swift.engine\Swift.Engine\Swift.Engine\x64\Debug\link.command.1.tlog
C:\Users\hun7er\Documents\GitHub\swift.engine\Swift.Engine\Swift.Engine\x64\Debug\link.read.1.tlog
C:\Users\hun7er\Documents\GitHub\swift.engine\Swift.Engine\Swift.Engine\x64\Debug\link.write.1.tlog
C:\Users\hun7er\Documents\GitHub\swift.engine\Swift.Engine\Swift.Engine\x64\Debug\vc110.pdb
C:\Users\hun7er\Documents\GitHub\swift.engine\Swift.Engine\x64\Debug\Swift.Engine.exe
