Build started 2013-04-28 18:53:33.
     1>Project "C:\Users\hun7er\Documents\GitHub\swift.engine\Swift.Engine\Swift.Engine\Swift.Engine.vcxproj" on node 2 (Build target(s)).
     1>Link:
         C:\Program Files (x86)\Microsoft Visual Studio 11.0\VC\bin\link.exe /ERRORREPORT:PROMPT /OUT:"C:\Users\hun7er\Documents\GitHub\swift.engine\Swift.Engine\Debug\Swift.Engine.exe" /INCREMENTAL /NOLOGO OpenGL32.lib glew32.lib user32.lib kernel32.lib GLFW.lib /MANIFEST /MANIFESTUAC:"level='asInvoker' uiAccess='false'" /manifest:embed /DEBUG /PDB:"C:\Users\hun7er\Documents\GitHub\swift.engine\Swift.Engine\Debug\Swift.Engine.pdb" /TLBID:1 /DYNAMICBASE /NXCOMPAT /IMPLIB:"C:\Users\hun7er\Documents\GitHub\swift.engine\Swift.Engine\Debug\Swift.Engine.lib" /MACHINE:X86 Debug\Camera.obj
         Debug\Cube.obj
         Debug\example.obj
         Debug\GlfwWindow.obj
         Debug\Group.obj
         Debug\Material.obj
         Debug\MaterialManager.obj
         Debug\Mesh.obj
         Debug\Object.obj
         Debug\ObjectManager.obj
         Debug\Plane.obj
         Debug\Renderer.obj
         Debug\Sphere.obj
         Debug\Supervisor.obj
     1>LINK : warning LNK4098: defaultlib 'MSVCRT' conflicts with use of other libs; use /NODEFAULTLIB:library
     1>GLFW.lib(enable.obj) : warning LNK4099: PDB 'vc110.pdb' was not found with 'GLFW.lib(enable.obj)' or at 'C:\Users\hun7er\Documents\GitHub\swift.engine\Swift.Engine\Debug\vc110.pdb'; linking object as if no debug info
     1>GLFW.lib(glext.obj) : warning LNK4099: PDB 'vc110.pdb' was not found with 'GLFW.lib(glext.obj)' or at 'C:\Users\hun7er\Documents\GitHub\swift.engine\Swift.Engine\Debug\vc110.pdb'; linking object as if no debug info
     1>GLFW.lib(init.obj) : warning LNK4099: PDB 'vc110.pdb' was not found with 'GLFW.lib(init.obj)' or at 'C:\Users\hun7er\Documents\GitHub\swift.engine\Swift.Engine\Debug\vc110.pdb'; linking object as if no debug info
     1>GLFW.lib(input.obj) : warning LNK4099: PDB 'vc110.pdb' was not found with 'GLFW.lib(input.obj)' or at 'C:\Users\hun7er\Documents\GitHub\swift.engine\Swift.Engine\Debug\vc110.pdb'; linking object as if no debug info
     1>GLFW.lib(time.obj) : warning LNK4099: PDB 'vc110.pdb' was not found with 'GLFW.lib(time.obj)' or at 'C:\Users\hun7er\Documents\GitHub\swift.engine\Swift.Engine\Debug\vc110.pdb'; linking object as if no debug info
     1>GLFW.lib(win32_enable.obj) : warning LNK4099: PDB 'vc110.pdb' was not found with 'GLFW.lib(win32_enable.obj)' or at 'C:\Users\hun7er\Documents\GitHub\swift.engine\Swift.Engine\Debug\vc110.pdb'; linking object as if no debug info
     1>GLFW.lib(win32_fullscreen.obj) : warning LNK4099: PDB 'vc110.pdb' was not found with 'GLFW.lib(win32_fullscreen.obj)' or at 'C:\Users\hun7er\Documents\GitHub\swift.engine\Swift.Engine\Debug\vc110.pdb'; linking object as if no debug info
     1>GLFW.lib(win32_glext.obj) : warning LNK4099: PDB 'vc110.pdb' was not found with 'GLFW.lib(win32_glext.obj)' or at 'C:\Users\hun7er\Documents\GitHub\swift.engine\Swift.Engine\Debug\vc110.pdb'; linking object as if no debug info
     1>GLFW.lib(win32_init.obj) : warning LNK4099: PDB 'vc110.pdb' was not found with 'GLFW.lib(win32_init.obj)' or at 'C:\Users\hun7er\Documents\GitHub\swift.engine\Swift.Engine\Debug\vc110.pdb'; linking object as if no debug info
     1>GLFW.lib(win32_time.obj) : warning LNK4099: PDB 'vc110.pdb' was not found with 'GLFW.lib(win32_time.obj)' or at 'C:\Users\hun7er\Documents\GitHub\swift.engine\Swift.Engine\Debug\vc110.pdb'; linking object as if no debug info
     1>GLFW.lib(win32_window.obj) : warning LNK4099: PDB 'vc110.pdb' was not found with 'GLFW.lib(win32_window.obj)' or at 'C:\Users\hun7er\Documents\GitHub\swift.engine\Swift.Engine\Debug\vc110.pdb'; linking object as if no debug info
     1>GLFW.lib(window.obj) : warning LNK4099: PDB 'vc110.pdb' was not found with 'GLFW.lib(window.obj)' or at 'C:\Users\hun7er\Documents\GitHub\swift.engine\Swift.Engine\Debug\vc110.pdb'; linking object as if no debug info
         Swift.Engine.vcxproj -> C:\Users\hun7er\Documents\GitHub\swift.engine\Swift.Engine\Debug\Swift.Engine.exe
     1>Done Building Project "C:\Users\hun7er\Documents\GitHub\swift.engine\Swift.Engine\Swift.Engine\Swift.Engine.vcxproj" (Build target(s)).

Build succeeded.

Time Elapsed 00:00:02.21
